<?xml version="1.0" encoding="UTF-8"?>
<!-- Generated by org.testng.reporters.JUnitReportReporter -->
<testsuite skipped="0" hostname="WIN-HQ5D7S9H79R" name="elementalselenium.UploadFile" tests="1" failures="0" timestamp="19 дек 2017 13:58:06 GMT" time="3.874" errors="0">
  <testcase name="uploadFile" time="3.874" classname="elementalselenium.UploadFile"/>
</testsuite> <!-- elementalselenium.UploadFile -->
