<?xml version="1.0" encoding="UTF-8"?>
<!-- Generated by org.testng.reporters.JUnitReportReporter -->
<testsuite skipped="0" hostname="WIN-HQ5D7S9H79R" name="elementalselenium.LoginTest" tests="1" failures="0" timestamp="23 дек 2017 14:36:50 GMT" time="4.926" errors="0">
  <testcase name="withValidCredentials" time="4.926" classname="elementalselenium.LoginTest"/>
</testsuite> <!-- elementalselenium.LoginTest -->
