<?xml version="1.0" encoding="UTF-8"?>
<!-- Generated by org.testng.reporters.JUnitReportReporter -->
<testsuite skipped="0" hostname="WIN-HQ5D7S9H79R" name="elementalselenium.LoginTest" tests="1" failures="0" timestamp="03 янв 2018 13:40:31 GMT" time="5.460" errors="0">
  <testcase name="withValidCredentials" time="5.460" classname="elementalselenium.LoginTest"/>
</testsuite> <!-- elementalselenium.LoginTest -->
