<?xml version="1.0" encoding="UTF-8"?>
<!-- Generated by org.testng.reporters.JUnitReportReporter -->
<testsuite skipped="0" hostname="WIN-HQ5D7S9H79R" name="elementalselenium.AlertsJS" tests="1" failures="0" timestamp="18 дек 2017 22:01:18 GMT" time="3.827" errors="0">
  <testcase name="withValidCredentials" time="3.827" classname="elementalselenium.AlertsJS"/>
</testsuite> <!-- elementalselenium.AlertsJS -->
