<?xml version="1.0" encoding="UTF-8"?>
<!-- Generated by org.testng.reporters.JUnitReportReporter -->
<testsuite skipped="0" hostname="WIN-HQ5D7S9H79R" name="elementalselenium.FrameJS2" tests="1" failures="0" timestamp="19 дек 2017 13:40:04 GMT" time="4.008" errors="0">
  <testcase name="withValidCredentials" time="4.008" classname="elementalselenium.FrameJS2"/>
</testsuite> <!-- elementalselenium.FrameJS2 -->
